2017-07-26 17:35:48 pid:5403 Workerman[telnet_api.php] Stopping ...
2017-07-26 17:35:48 pid:5403 Workerman[telnet_api.php] has been stopped
2017-07-26 17:54:14 pid:5915 Workerman[./run.php] start in DEBUG mode
2017-07-26 17:54:17 pid:5915 Workerman[run.php] Stopping ...
2017-07-26 17:54:17 pid:5915 Workerman[run.php] has been stopped
2017-07-26 18:00:34 pid:6011 Workerman[./run.php] start in DEBUG mode
2017-07-26 18:00:36 pid:6011 Workerman[run.php] Stopping ...
2017-07-26 18:00:36 pid:6011 Workerman[run.php] has been stopped
2017-07-26 18:18:09 pid:6222 Workerman[./run.php] start in DEBUG mode
2017-07-26 18:18:12 pid:6222 Workerman[run.php] Stopping ...
2017-07-26 18:18:12 pid:6222 Workerman[run.php] has been stopped
2017-07-26 18:19:13 pid:6260 Workerman[./run.php] start in DEBUG mode
2017-07-26 18:19:15 pid:6260 Workerman[run.php] Stopping ...
2017-07-26 18:19:15 pid:6260 Workerman[run.php] has been stopped
2017-07-26 19:25:59 pid:6815 Workerman[./run.php] start in DEBUG mode
2017-07-26 19:26:00 pid:6815 Workerman[run.php] Stopping ...
2017-07-26 19:26:00 pid:6815 Workerman[run.php] has been stopped
2017-07-26 19:41:35 pid:6962 Workerman[./run.php] start in DEBUG mode
2017-07-26 19:43:10 pid:6962 Workerman[run.php] Stopping ...
2017-07-26 19:43:10 pid:6962 Workerman[run.php] has been stopped
2017-07-26 19:43:12 pid:6990 Workerman[./run.php] start in DEBUG mode
2017-07-26 19:44:22 pid:6990 Workerman[run.php] Stopping ...
2017-07-26 19:44:22 pid:6990 Workerman[run.php] has been stopped
2017-07-26 19:44:22 pid:7011 Workerman[./run.php] start in DEBUG mode
2017-07-26 19:47:27 pid:7011 Workerman[run.php] Stopping ...
2017-07-26 19:47:27 pid:7011 Workerman[run.php] has been stopped
2017-07-26 19:47:29 pid:7050 Workerman[./run.php] start in DEBUG mode
2017-07-26 19:47:58 pid:7050 Workerman[run.php] Stopping ...
2017-07-26 19:47:58 pid:7050 Workerman[run.php] has been stopped
2017-07-26 19:47:59 pid:7069 Workerman[./run.php] start in DEBUG mode
2017-07-26 19:48:18 pid:7069 Workerman[run.php] Stopping ...
2017-07-26 19:48:18 pid:7069 Workerman[run.php] has been stopped
2017-07-26 19:48:21 pid:7091 Workerman[./run.php] start in DEBUG mode
2017-07-26 19:49:36 pid:7091 Workerman[run.php] Stopping ...
2017-07-26 19:49:36 pid:7091 Workerman[run.php] has been stopped
2017-07-26 19:57:23 pid:7431 Workerman[./run.php] start in DEBUG mode
2017-07-26 20:00:56 pid:7431 Workerman[run.php] Stopping ...
2017-07-26 20:00:56 pid:7431 Workerman[run.php] has been stopped
2017-07-26 20:00:59 pid:7476 Workerman[./run.php] start in DEBUG mode
2017-07-26 20:01:44 pid:7476 Workerman[run.php] Stopping ...
2017-07-26 20:01:44 pid:7476 Workerman[run.php] has been stopped
2017-07-26 20:01:48 pid:7500 Workerman[./run.php] start in DEBUG mode
2017-07-26 20:02:23 pid:7500 Workerman[run.php] Stopping ...
2017-07-26 20:02:23 pid:7500 Workerman[run.php] has been stopped
2017-07-26 20:02:25 pid:7519 Workerman[./run.php] start in DEBUG mode
2017-07-26 20:03:37 pid:7519 Workerman[run.php] Stopping ...
2017-07-26 20:03:37 pid:7519 Workerman[run.php] has been stopped
2017-07-26 20:03:38 pid:7572 Workerman[./run.php] start in DEBUG mode
2017-07-26 20:05:49 pid:7572 Workerman[run.php] Stopping ...
2017-07-26 20:05:49 pid:7572 Workerman[run.php] has been stopped
2017-07-26 20:05:55 pid:7617 Workerman[./run.php] start in DEBUG mode
2017-07-26 20:13:37 pid:7617 Workerman[run.php] Stopping ...
2017-07-26 20:13:37 pid:7617 Workerman[run.php] has been stopped
2017-07-26 20:26:54 pid:7864 Workerman[./run.php] start in DEBUG mode
2017-07-26 20:27:45 pid:7864 Workerman[run.php] Stopping ...
2017-07-26 20:27:45 pid:7864 Workerman[run.php] has been stopped
